2024-02-23 12:27:45,308 [INFO] Activator:176 - 


2024-02-23 12:27:45,309 [INFO] Activator:177 - !SESSION log4j initialized
2024-02-23 12:27:47,544 [INFO] LogOutputStream:77 - [STDOUT_REDIRECT] 
2024-02-23 12:28:08,509 [ERROR] LogOutputStream:75 - [STDERR_REDIRECT] SLF4J: Failed to load class "org.slf4j.impl.StaticLoggerBinder".
2024-02-23 12:28:08,509 [ERROR] LogOutputStream:75 - [STDERR_REDIRECT] SLF4J: Defaulting to no-operation (NOP) logger implementation
2024-02-23 12:28:08,510 [ERROR] LogOutputStream:75 - [STDERR_REDIRECT] SLF4J: See http://www.slf4j.org/codes.html#StaticLoggerBinder for further details.
2024-02-23 14:33:49,245 [INFO] Activator:176 - 


2024-02-23 14:33:49,247 [INFO] Activator:177 - !SESSION log4j initialized
2024-02-23 14:33:53,319 [INFO] ApplicationProperties:184 - Using Application install path: /opt/st/stm32cubeide_1.14.0/plugins/com.st.stm32cube.common.mx_6.10.0.202311202037
2024-02-23 14:33:53,331 [INFO] DbMcusXml:78 - Set database path to: /opt/st/stm32cubeide_1.14.0/plugins/com.st.stm32cube.common.mx_6.10.0.202311202037//db//mcu/
2024-02-23 14:33:53,332 [INFO] ApiDb:274 - Set plugin database path to: /opt/st/stm32cubeide_1.14.0/plugins/com.st.stm32cube.common.mx_6.10.0.202311202037//db//plugins/boardmanager/
2024-02-23 14:33:53,332 [WARN] ApiDb:259 - Overriding images path with different value:  => /opt/st/stm32cubeide_1.14.0/plugins/com.st.stm32cube.common.mx_6.10.0.202311202037//db//plugins/mcufinder/images/
2024-02-23 14:33:53,336 [INFO] ApiDb:250 - Set database path to: /home/sohail/.stmcufinder/plugins/mcufinder//mcu/
2024-02-23 14:33:53,336 [INFO] DbMcusAds:125 - Set database path to: /home/sohail/.stmcufinder/plugins/mcufinder//mcu/
2024-02-23 14:33:53,405 [INFO] CrossReferenceDbSqlite:203 - Set database path to: /home/sohail/.stmcufinder/plugins/mcufinder//mcu/cs/
2024-02-23 14:33:53,492 [INFO] RulesReader:64 - Compatibility file has been processed (297 Rules)
2024-02-23 14:33:53,534 [INFO] DbMcusXml:78 - Set database path to: /opt/st/stm32cubeide_1.14.0/plugins/com.st.stm32cube.common.mx_6.10.0.202311202037//db//mcu/
2024-02-23 14:33:53,534 [INFO] ApiDb:274 - Set plugin database path to: /opt/st/stm32cubeide_1.14.0/plugins/com.st.stm32cube.common.mx_6.10.0.202311202037//db//plugins/boardmanager/
2024-02-23 14:33:53,534 [INFO] ApiDb:261 - Set plugin images path to: /opt/st/stm32cubeide_1.14.0/plugins/com.st.stm32cube.common.mx_6.10.0.202311202037//db//plugins/mcufinder/images/
2024-02-23 14:33:53,534 [WARN] DbFile:41 - Overriding database path with different value: /home/sohail/.stmcufinder/plugins/mcufinder/ => /home/sohail/.stmcufinder/plugins/mcufinder
2024-02-23 14:33:53,534 [INFO] ApiDb:250 - Set database path to: /home/sohail/.stmcufinder/plugins/mcufinder//mcu/
2024-02-23 14:33:53,534 [WARN] DbFile:41 - Overriding database path with different value: /home/sohail/.stmcufinder/plugins/mcufinder/ => /home/sohail/.stmcufinder/plugins/mcufinder
2024-02-23 14:33:53,534 [INFO] DbMcusAds:125 - Set database path to: /home/sohail/.stmcufinder/plugins/mcufinder//mcu/
2024-02-23 14:33:53,535 [WARN] DbFile:41 - Overriding database path with different value: /home/sohail/.stmcufinder/plugins/mcufinder/ => /home/sohail/.stmcufinder/plugins/mcufinder
2024-02-23 14:33:53,535 [WARN] DbFile:41 - Overriding database path with different value: /home/sohail/.stmcufinder/plugins/mcufinder/ => /home/sohail/.stmcufinder/plugins/mcufinder
2024-02-23 14:33:53,535 [INFO] CrossReferenceDbSqlite:203 - Set database path to: /home/sohail/.stmcufinder/plugins/mcufinder//mcu/cs/
2024-02-23 14:33:53,593 [INFO] MainPanel:264 - HeapMemory: 268435456
2024-02-23 14:33:53,672 [INFO] DbMcusXml:78 - Set database path to: /opt/st/stm32cubeide_1.14.0/plugins/com.st.stm32cube.common.mx_6.10.0.202311202037//db//mcu/
2024-02-23 14:33:53,672 [INFO] ApiDb:274 - Set plugin database path to: /opt/st/stm32cubeide_1.14.0/plugins/com.st.stm32cube.common.mx_6.10.0.202311202037//db//plugins/boardmanager/
2024-02-23 14:33:53,672 [INFO] ApiDb:261 - Set plugin images path to: /opt/st/stm32cubeide_1.14.0/plugins/com.st.stm32cube.common.mx_6.10.0.202311202037//db//plugins/mcufinder/images/
2024-02-23 14:33:53,673 [WARN] DbFile:41 - Overriding database path with different value: /home/sohail/.stmcufinder/plugins/mcufinder/ => /home/sohail/.stmcufinder/plugins/mcufinder
2024-02-23 14:33:53,673 [INFO] ApiDb:250 - Set database path to: /home/sohail/.stmcufinder/plugins/mcufinder//mcu/
2024-02-23 14:33:53,673 [WARN] DbFile:41 - Overriding database path with different value: /home/sohail/.stmcufinder/plugins/mcufinder/ => /home/sohail/.stmcufinder/plugins/mcufinder
2024-02-23 14:33:53,673 [INFO] DbMcusAds:125 - Set database path to: /home/sohail/.stmcufinder/plugins/mcufinder//mcu/
2024-02-23 14:33:53,673 [WARN] DbFile:41 - Overriding database path with different value: /home/sohail/.stmcufinder/plugins/mcufinder/ => /home/sohail/.stmcufinder/plugins/mcufinder
2024-02-23 14:33:53,673 [WARN] DbFile:41 - Overriding database path with different value: /home/sohail/.stmcufinder/plugins/mcufinder/ => /home/sohail/.stmcufinder/plugins/mcufinder
2024-02-23 14:33:53,674 [INFO] CrossReferenceDbSqlite:203 - Set database path to: /home/sohail/.stmcufinder/plugins/mcufinder//mcu/cs/
2024-02-23 14:33:53,685 [INFO] ApplicationProperties:184 - Using Application install path: /opt/st/stm32cubeide_1.14.0/plugins/com.st.stm32cube.common.mx_6.10.0.202311202037
2024-02-23 14:33:53,687 [INFO] PluginManage:196 - Search for loadable plugins [exclusion list=, ]
2024-02-23 14:33:53,687 [INFO] PluginManage:310 - Check plugin analytics
2024-02-23 14:33:53,891 [INFO] AnalyticsPlugin:253 - Accepted Software Licenses: 
2024-02-23 14:33:53,892 [INFO] AnalyticsPlugin:255 - Accepted CMSIS Pack Licenses: 
2024-02-23 14:33:53,892 [INFO] AnalyticsPlugin:257 - Accepted Firmware Licenses: 
2024-02-23 14:33:53,897 [INFO] PluginManage:359 - Loaded plugin analytics (category:tool,tabindex:-1)
2024-02-23 14:33:53,897 [INFO] PluginManage:310 - Check plugin cadmodel
2024-02-23 14:33:53,923 [INFO] CADModel:105 - Init CAD model plugin
2024-02-23 14:33:53,924 [INFO] PluginManage:359 - Loaded plugin cadmodel (category:power,tabindex:5)
2024-02-23 14:33:53,924 [INFO] PluginManage:310 - Check plugin clock
2024-02-23 14:33:53,937 [INFO] PluginManage:359 - Loaded plugin clock (category:base,tabindex:2)
2024-02-23 14:33:53,937 [INFO] PluginManage:310 - Check plugin ddr
2024-02-23 14:33:53,940 [INFO] PluginManage:359 - Loaded plugin ddr (category:tool,tabindex:6)
2024-02-23 14:33:53,940 [INFO] PluginManage:310 - Check plugin filemanager
2024-02-23 14:33:54,127 [INFO] PluginManage:359 - Loaded plugin filemanager (category:base,tabindex:10)
2024-02-23 14:33:54,127 [INFO] PluginManage:310 - Check plugin ipmanager
2024-02-23 14:33:54,134 [INFO] PluginManage:359 - Loaded plugin ipmanager (category:base,tabindex:5)
2024-02-23 14:33:54,135 [INFO] PluginManage:310 - Check plugin lpbam
2024-02-23 14:33:54,146 [INFO] PluginManage:359 - Loaded plugin lpbam (category:base,tabindex:0)
2024-02-23 14:33:54,147 [INFO] PluginManage:310 - Check plugin memorymap
2024-02-23 14:33:54,160 [INFO] PluginManage:359 - Loaded plugin memorymap (category:base,tabindex:4)
2024-02-23 14:33:54,160 [INFO] PluginManage:310 - Check plugin pinoutandconfiguration
2024-02-23 14:33:54,170 [INFO] PluginManage:359 - Loaded plugin pinoutandconfiguration (category:base,tabindex:1)
2024-02-23 14:33:54,170 [INFO] PluginManage:310 - Check plugin pinoutconfig
2024-02-23 14:33:54,265 [WARN] SupportedApi:132 - Cannot load RTOS API schema: s4s-elt-must-match.1: The content of 'definitions' must match (annotation?, (simpleType | complexType)?, (unique | key | keyref)*)). A problem was found starting at: attribute.
2024-02-23 14:33:54,417 [INFO] PluginManage:359 - Loaded plugin pinoutconfig (category:base,tabindex:0)
2024-02-23 14:33:54,418 [INFO] PluginManage:310 - Check plugin power
2024-02-23 14:33:54,431 [INFO] PluginManage:359 - Loaded plugin power (category:power,tabindex:4)
2024-02-23 14:33:54,431 [INFO] PluginManage:310 - Check plugin projectmanager
2024-02-23 14:33:54,450 [INFO] PluginManage:359 - Loaded plugin projectmanager (category:projectmanager,tabindex:3)
2024-02-23 14:33:54,450 [INFO] PluginManage:310 - Check plugin thirdparty
2024-02-23 14:33:54,571 [WARN] IntegrityCheckThread:84 - waiting for thirdparty lock release [integrity check]
2024-02-23 14:33:54,572 [INFO] PluginManage:359 - Loaded plugin thirdparty (category:base,tabindex:-1)
2024-02-23 14:33:54,572 [INFO] IntegrityCheckThread:86 - entering critical section [integrity check]
2024-02-23 14:33:54,572 [INFO] PluginManage:310 - Check plugin tools
2024-02-23 14:33:54,573 [INFO] ThirdPartyUpdaterWithRetryManager:70 - Updater plugin not ready yet. [1/15]
2024-02-23 14:33:54,576 [INFO] PluginManage:359 - Loaded plugin tools (category:base,tabindex:7)
2024-02-23 14:33:54,576 [INFO] PluginManage:310 - Check plugin tutovideos
2024-02-23 14:33:54,707 [INFO] PluginManage:359 - Loaded plugin tutovideos (category:base,tabindex:-1)
2024-02-23 14:33:54,707 [INFO] PluginManage:310 - Check plugin updater
2024-02-23 14:33:54,717 [INFO] PluginManage:359 - Loaded plugin updater (category:base,tabindex:12)
2024-02-23 14:33:54,717 [INFO] PluginManage:310 - Check plugin userauth
2024-02-23 14:33:54,723 [INFO] UserAuth:114 - Init User Auth plugin
2024-02-23 14:33:54,723 [INFO] PluginManage:359 - Loaded plugin userauth (category:base,tabindex:14)
2024-02-23 14:33:54,724 [INFO] PluginManage:283 - PluginManage : Loaded plugins [17]
2024-02-23 14:33:54,894 [INFO] PinOutPanel:1499 - setPackage(No Configuration,No Configuration)
2024-02-23 14:33:54,939 [INFO] CADModel:165 - CPN selected for project level
2024-02-23 14:33:54,939 [INFO] CADModel:114 - Register for checkConnection events
2024-02-23 14:33:54,951 [INFO] IPUIPlugin:80 - create IPUIPlugin
2024-02-23 14:33:54,951 [INFO] PluginManager:220 - loadIPPluginJar : add linkedlist
2024-02-23 14:33:54,953 [INFO] IPUIPlugin:80 - create IPUIPlugin
2024-02-23 14:33:54,954 [INFO] PluginManager:220 - loadIPPluginJar : add tsc
2024-02-23 14:33:54,958 [INFO] IPUIPlugin:80 - create IPUIPlugin
2024-02-23 14:33:54,959 [INFO] PluginManager:220 - loadIPPluginJar : add mdma
2024-02-23 14:33:54,961 [INFO] IPUIPlugin:80 - create IPUIPlugin
2024-02-23 14:33:54,961 [INFO] PluginManager:220 - loadIPPluginJar : add openamp
2024-02-23 14:33:54,966 [INFO] IPUIPlugin:80 - create IPUIPlugin
2024-02-23 14:33:54,966 [INFO] PluginManager:220 - loadIPPluginJar : add cryp
2024-02-23 14:33:54,971 [INFO] IPUIPlugin:80 - create IPUIPlugin
2024-02-23 14:33:54,971 [INFO] PluginManager:220 - loadIPPluginJar : add dma
2024-02-23 14:33:54,973 [INFO] IPUIPlugin:80 - create IPUIPlugin
2024-02-23 14:33:54,973 [INFO] PluginManager:220 - loadIPPluginJar : add i2s
2024-02-23 14:33:54,975 [INFO] IPUIPlugin:80 - create IPUIPlugin
2024-02-23 14:33:54,975 [INFO] PluginManager:220 - loadIPPluginJar : add pdm2pcm
2024-02-23 14:33:54,976 [INFO] IPUIPlugin:80 - create IPUIPlugin
2024-02-23 14:33:54,976 [INFO] PluginManager:220 - loadIPPluginJar : add ltdc
2024-02-23 14:33:54,983 [INFO] IPUIPlugin:80 - create IPUIPlugin
2024-02-23 14:33:54,985 [INFO] PluginManager:220 - loadIPPluginJar : add plateformsettings
2024-02-23 14:33:54,988 [INFO] IPUIPlugin:80 - create IPUIPlugin
2024-02-23 14:33:54,988 [INFO] PluginManager:220 - loadIPPluginJar : add ipddr
2024-02-23 14:33:54,992 [INFO] IPUIPlugin:80 - create IPUIPlugin
2024-02-23 14:33:54,992 [INFO] PluginManager:220 - loadIPPluginJar : add touchsensing
2024-02-23 14:33:54,994 [INFO] IPUIPlugin:80 - create IPUIPlugin
2024-02-23 14:33:54,994 [INFO] PluginManager:220 - loadIPPluginJar : add dma3
2024-02-23 14:33:54,997 [INFO] IPUIPlugin:80 - create IPUIPlugin
2024-02-23 14:33:54,998 [INFO] PluginManager:220 - loadIPPluginJar : add nvic
2024-02-23 14:33:55,001 [INFO] IPUIPlugin:80 - create IPUIPlugin
2024-02-23 14:33:55,002 [INFO] PluginManager:220 - loadIPPluginJar : add usbx
2024-02-23 14:33:55,003 [INFO] IPUIPlugin:80 - create IPUIPlugin
2024-02-23 14:33:55,003 [INFO] PluginManager:220 - loadIPPluginJar : add genericplugin
2024-02-23 14:33:55,005 [INFO] IPUIPlugin:80 - create IPUIPlugin
2024-02-23 14:33:55,005 [INFO] PluginManager:220 - loadIPPluginJar : add i2c
2024-02-23 14:33:55,008 [INFO] IPUIPlugin:80 - create IPUIPlugin
2024-02-23 14:33:55,008 [INFO] PluginManager:220 - loadIPPluginJar : add usart
2024-02-23 14:33:55,010 [INFO] IPUIPlugin:80 - create IPUIPlugin
2024-02-23 14:33:55,010 [INFO] PluginManager:220 - loadIPPluginJar : add aes
2024-02-23 14:33:55,011 [INFO] IPUIPlugin:80 - create IPUIPlugin
2024-02-23 14:33:55,011 [INFO] PluginManager:220 - loadIPPluginJar : add quadspi
2024-02-23 14:33:55,014 [INFO] IPUIPlugin:80 - create IPUIPlugin
2024-02-23 14:33:55,014 [INFO] PluginManager:220 - loadIPPluginJar : add sai
2024-02-23 14:33:55,018 [INFO] IPUIPlugin:80 - create IPUIPlugin
2024-02-23 14:33:55,018 [INFO] PluginManager:220 - loadIPPluginJar : add spi
2024-02-23 14:33:55,021 [INFO] IPUIPlugin:80 - create IPUIPlugin
2024-02-23 14:33:55,021 [INFO] PluginManager:220 - loadIPPluginJar : add hash
2024-02-23 14:33:55,027 [INFO] IPUIPlugin:80 - create IPUIPlugin
2024-02-23 14:33:55,027 [INFO] PluginManager:220 - loadIPPluginJar : add resmgrutility
2024-02-23 14:33:55,029 [INFO] IPUIPlugin:80 - create IPUIPlugin
2024-02-23 14:33:55,029 [INFO] PluginManager:220 - loadIPPluginJar : add dfsdm
2024-02-23 14:33:55,032 [INFO] IPUIPlugin:80 - create IPUIPlugin
2024-02-23 14:33:55,032 [INFO] PluginManager:220 - loadIPPluginJar : add i3c
2024-02-23 14:33:55,035 [INFO] IPUIPlugin:80 - create IPUIPlugin
2024-02-23 14:33:55,035 [INFO] PluginManager:220 - loadIPPluginJar : add comp
2024-02-23 14:33:55,039 [INFO] IPUIPlugin:80 - create IPUIPlugin
2024-02-23 14:33:55,040 [INFO] PluginManager:220 - loadIPPluginJar : add stm32_wpan
2024-02-23 14:33:55,041 [INFO] IPUIPlugin:80 - create IPUIPlugin
2024-02-23 14:33:55,041 [INFO] PluginManager:220 - loadIPPluginJar : add tim
2024-02-23 14:33:55,043 [INFO] IPUIPlugin:80 - create IPUIPlugin
2024-02-23 14:33:55,043 [INFO] PluginManager:220 - loadIPPluginJar : add gtzc
2024-02-23 14:33:55,048 [INFO] IPUIPlugin:80 - create IPUIPlugin
2024-02-23 14:33:55,049 [INFO] PluginManager:220 - loadIPPluginJar : add freertos
2024-02-23 14:33:55,051 [INFO] IPUIPlugin:80 - create IPUIPlugin
2024-02-23 14:33:55,051 [INFO] PluginManager:220 - loadIPPluginJar : add tracer_emb
2024-02-23 14:33:55,052 [INFO] IPUIPlugin:80 - create IPUIPlugin
2024-02-23 14:33:55,053 [INFO] PluginManager:220 - loadIPPluginJar : add fatfs
2024-02-23 14:33:55,058 [INFO] IPUIPlugin:80 - create IPUIPlugin
2024-02-23 14:33:55,058 [INFO] PluginManager:220 - loadIPPluginJar : add adc
2024-02-23 14:33:55,062 [INFO] IPUIPlugin:80 - create IPUIPlugin
2024-02-23 14:33:55,063 [INFO] PluginManager:220 - loadIPPluginJar : add fmc
2024-02-23 14:33:55,064 [INFO] IPUIPlugin:80 - create IPUIPlugin
2024-02-23 14:33:55,065 [INFO] PluginManager:220 - loadIPPluginJar : add gfxmmu
2024-02-23 14:33:55,067 [INFO] IPUIPlugin:80 - create IPUIPlugin
2024-02-23 14:33:55,067 [INFO] PluginManager:220 - loadIPPluginJar : add lorawan
2024-02-23 14:33:55,069 [INFO] IPUIPlugin:80 - create IPUIPlugin
2024-02-23 14:33:55,069 [INFO] PluginManager:220 - loadIPPluginJar : add can
2024-02-23 14:33:55,071 [INFO] IPUIPlugin:80 - create IPUIPlugin
2024-02-23 14:33:55,071 [INFO] PluginManager:220 - loadIPPluginJar : add ts
2024-02-23 14:33:55,072 [INFO] IPUIPlugin:80 - create IPUIPlugin
2024-02-23 14:33:55,073 [INFO] PluginManager:220 - loadIPPluginJar : add ucpd
2024-02-23 14:33:55,075 [INFO] IPUIPlugin:80 - create IPUIPlugin
2024-02-23 14:33:55,075 [INFO] PluginManager:220 - loadIPPluginJar : add opamp
2024-02-23 14:33:55,078 [INFO] IPUIPlugin:80 - create IPUIPlugin
2024-02-23 14:33:55,079 [INFO] PluginManager:220 - loadIPPluginJar : add gpio
2024-02-23 14:33:55,082 [INFO] IPUIPlugin:80 - create IPUIPlugin
2024-02-23 14:33:55,083 [INFO] PluginManager:220 - loadIPPluginJar : add gic
2024-02-23 14:33:55,181 [INFO] CADModel:165 - CPN selected for project level
2024-02-23 14:33:55,181 [INFO] CADModel:114 - Register for checkConnection events
2024-02-23 14:33:55,182 [FATAL] Updater:308 - Updater called before beeing initialized
2024-02-23 14:33:55,182 [ERROR] CADModel:125 - Updater not yet initialized, retry later 
2024-02-23 14:33:55,350 [INFO] CADModel:165 - CPN selected for project level
2024-02-23 14:33:55,350 [INFO] CADModel:114 - Register for checkConnection events
2024-02-23 14:33:55,350 [FATAL] Updater:308 - Updater called before beeing initialized
2024-02-23 14:33:55,350 [ERROR] CADModel:125 - Updater not yet initialized, retry later 
2024-02-23 14:33:55,355 [FATAL] Updater:308 - Updater called before beeing initialized
2024-02-23 14:33:55,420 [FATAL] Updater:308 - Updater called before beeing initialized
2024-02-23 14:33:55,424 [INFO] DbMcusAds:53 - JSON generation date=Wed Nov 29 16:22:27 IST 2023 (1701255147349)
2024-02-23 14:33:55,424 [FATAL] Updater:308 - Updater called before beeing initialized
2024-02-23 14:33:55,450 [WARN] DetailPanel:346 - Failed to get advertising image, set to default
2024-02-23 14:33:55,517 [FATAL] Updater:308 - Updater called before beeing initialized
2024-02-23 14:33:55,520 [FATAL] Updater:308 - Updater called before beeing initialized
2024-02-23 14:33:55,520 [FATAL] Updater:308 - Updater called before beeing initialized
2024-02-23 14:33:55,520 [WARN] DetailPanel:346 - Failed to get advertising image, set to default
2024-02-23 14:33:55,521 [FATAL] Updater:308 - Updater called before beeing initialized
2024-02-23 14:33:55,558 [ERROR] Updater:1120 - MainUpdater not yet initialized. External WinMGr cannot be set.
2024-02-23 14:33:55,559 [INFO] Updater:1056 - Updater Version found : 6.10.0
2024-02-23 14:33:55,581 [INFO] ApplicationProperties:184 - Using Application install path: /opt/st/stm32cubeide_1.14.0/plugins/com.st.stm32cube.common.mx_6.10.0.202311202037
2024-02-23 14:33:55,597 [ERROR] LogOutputStream:75 - [STDERR_REDIRECT] Feb 23, 2024 2:33:55 PM java.util.prefs.FileSystemPreferences$2 run
2024-02-23 14:33:55,597 [ERROR] LogOutputStream:75 - [STDERR_REDIRECT] WARNING: Could not create system preferences directory. System preferences are unusable.
2024-02-23 14:33:55,597 [ERROR] LogOutputStream:75 - [STDERR_REDIRECT] 
2024-02-23 14:33:55,987 [INFO] MainUpdater:2873 - connection check result : 10
2024-02-23 14:33:55,988 [INFO] MainUpdater:290 - Updater Check For Update Now.
2024-02-23 14:33:55,988 [INFO] MicroXplorer:498 - Change Database Version : DB.6.0.100
2024-02-23 14:33:56,184 [INFO] CheckServerUpdateThread:120 - End of CheckServer Thread
2024-02-23 14:33:56,212 [INFO] MainUpdater:2873 - connection check result : 10
2024-02-23 14:33:56,213 [INFO] MainUpdater:2873 - connection check result : 10
2024-02-23 14:33:57,663 [WARN] PackLoader:240 - Cannot read IP mode file for STMicroelectronics.X-CUBE-SMBUS.2.1.0
2024-02-23 14:33:57,668 [WARN] PackLoader:240 - Cannot read IP mode file for STMicroelectronics.X-CUBE-TOUCHGFX.4.23.0
2024-02-23 14:33:57,689 [WARN] PackLoader:240 - Cannot read IP mode file for STMicroelectronics.X-CUBE-AZRTOS-F7.1.1.0
2024-02-23 14:33:57,696 [ERROR] RealEvaluatedCondition:428 - Found unsupported composite condition: GROUP='STM32_MetaDataManager' CLASS='Data Exchange'
2024-02-23 14:33:57,696 [ERROR] RealEvaluatedCondition:428 - Found unsupported composite condition: CLASS='Data Exchange' GROUP='STM32_MetaDataManager'
2024-02-23 14:33:57,697 [WARN] PackLoader:240 - Cannot read IP mode file for STMicroelectronics.FP-SNS-MOTENV1.4.3.0
2024-02-23 14:33:57,703 [WARN] PackLoader:240 - Cannot read IP mode file for STMicroelectronics.FP-SNS-MOTENV1.4.3.2
2024-02-23 14:33:57,707 [WARN] PackLoader:240 - Cannot read IP mode file for STMicroelectronics.FP-SNS-FLIGHT1.5.0.0
2024-02-23 14:33:57,710 [WARN] PackLoader:240 - Cannot read IP mode file for STMicroelectronics.FP-SNS-FLIGHT1.5.0.1
2024-02-23 14:33:57,716 [WARN] PackLoader:240 - Cannot read IP mode file for STMicroelectronics.X-CUBE-BLE1.6.2.4
2024-02-23 14:33:57,723 [WARN] PackLoader:240 - Cannot read IP mode file for STMicroelectronics.X-CUBE-DISPLAY.3.0.0
2024-02-23 14:33:57,733 [WARN] PackLoader:240 - Cannot read IP mode file for STMicroelectronics.X-CUBE-BLE1.7.0.0
2024-02-23 14:33:57,737 [WARN] PackLoader:240 - Cannot read IP mode file for STMicroelectronics.X-CUBE-TOUCHGFX.4.22.0
2024-02-23 14:33:57,739 [WARN] PackLoader:240 - Cannot read IP mode file for STMicroelectronics.X-CUBE-TOUCHGFX.4.22.1
2024-02-23 14:33:57,749 [INFO] LogOutputStream:77 - [STDOUT_REDIRECT] 1 : Invalid condition id : UX_CORESTACK_Condition cause : null
2024-02-23 14:33:57,749 [INFO] LogOutputStream:77 - [STDOUT_REDIRECT] 1 : Invalid condition id : UX_CORESTACK_Condition cause : null
2024-02-23 14:33:57,749 [INFO] LogOutputStream:77 - [STDOUT_REDIRECT] 1 : Invalid condition id : UX_CORESTACK_Condition cause : null
2024-02-23 14:33:57,750 [INFO] LogOutputStream:77 - [STDOUT_REDIRECT] 1 : Invalid condition id : UX_CORESTACK_Condition cause : null
2024-02-23 14:33:57,750 [INFO] LogOutputStream:77 - [STDOUT_REDIRECT] 1 : Invalid condition id : UX_CORESTACK_Condition cause : null
2024-02-23 14:33:57,753 [WARN] PackLoader:240 - Cannot read IP mode file for STMicroelectronics.X-CUBE-AZRTOS-WL.2.0.0
2024-02-23 14:33:57,759 [WARN] PackLoader:240 - Cannot read IP mode file for WES.I-CUBE-Cesium.1.3.0
2024-02-23 14:33:57,763 [WARN] PackLoader:240 - Cannot read IP mode file for STMicroelectronics.X-CUBE-BLE2.3.3.0
2024-02-23 14:33:57,766 [WARN] PackLoader:240 - Cannot read IP mode file for STMicroelectronics.X-CUBE-TOUCHGFX.4.21.4
2024-02-23 14:33:57,773 [WARN] PackLoader:240 - Cannot read IP mode file for STMicroelectronics.X-CUBE-ALGOBUILD.1.3.0
2024-02-23 14:33:57,793 [WARN] PackLoader:240 - Cannot read IP mode file for STMicroelectronics.X-CUBE-AZRTOS-G0.1.1.0
2024-02-23 14:33:57,802 [WARN] PackLoader:240 - Cannot read IP mode file for STMicroelectronics.X-CUBE-NFC4.3.0.0
2024-02-23 14:33:57,807 [WARN] PackLoader:240 - Cannot read IP mode file for STMicroelectronics.FP-ATR-SIGFOX1.3.2.0
2024-02-23 14:33:57,812 [WARN] PackLoader:240 - Cannot read IP mode file for STMicroelectronics.X-CUBE-EEPRMA1.5.1.0
2024-02-23 14:33:57,851 [WARN] PackLoader:240 - Cannot read IP mode file for SEGGER.I-CUBE-embOS.1.3.1
2024-02-23 14:33:57,904 [WARN] PackLoader:240 - Cannot read IP mode file for STMicroelectronics.X-CUBE-GNSS1.6.0.0
2024-02-23 14:33:57,920 [WARN] PackLoader:240 - Cannot read IP mode file for STMicroelectronics.X-CUBE-AZRTOS-F4.1.1.0
2024-02-23 14:33:57,926 [WARN] PackLoader:240 - Cannot read IP mode file for wolfSSL.I-CUBE-wolfSSL.5.6.0
2024-02-23 14:33:57,954 [WARN] PackLoader:240 - Cannot read IP mode file for STMicroelectronics.X-CUBE-AZRTOS-L5.2.0.0
2024-02-23 14:33:58,015 [WARN] PackLoader:240 - Cannot read IP mode file for STMicroelectronics.X-CUBE-MEMS1.9.6.0
2024-02-23 14:33:58,146 [WARN] PackLoader:240 - Cannot read IP mode file for STMicroelectronics.X-CUBE-EEPRMA1.4.2.0
2024-02-23 14:33:58,151 [WARN] PackLoader:240 - Cannot read IP mode file for ITTIA_DB.I-CUBE-ITTIADB.8.8.0
2024-02-23 14:33:58,158 [WARN] PackLoader:240 - Cannot read IP mode file for emotas.I-CUBE-CANOPEN.1.1.3
2024-02-23 14:33:58,166 [WARN] PackLoader:240 - Cannot read IP mode file for STMicroelectronics.X-CUBE-BLEMGR.2.0.0
2024-02-23 14:33:58,182 [WARN] ConditionMgr:438 - getConditionDescription Invalid condition id : UX DEVICE CLASS RTOS Condition cause : null
2024-02-23 14:33:58,183 [WARN] ConditionMgr:438 - getConditionDescription Invalid condition id : UX DEVICE CLASS RTOS Condition cause : null
2024-02-23 14:33:58,186 [WARN] PackLoader:240 - Cannot read IP mode file for STMicroelectronics.X-CUBE-AZRTOS-H7.3.1.0
2024-02-23 14:33:58,187 [WARN] ConditionMgr:1039 - genDependencies : Invalid condition id : UX DEVICE CLASS RTOS Condition cause : null
2024-02-23 14:33:58,187 [WARN] ConditionMgr:1039 - genDependencies : Invalid condition id : UX DEVICE CLASS RTOS Condition cause : null
2024-02-23 14:33:58,188 [WARN] ConditionMgr:1039 - genDependencies : Invalid condition id : UX DEVICE CLASS RTOS Condition cause : null
2024-02-23 14:33:58,188 [WARN] ConditionMgr:1039 - genDependencies : Invalid condition id : UX DEVICE CLASS RTOS Condition cause : null
2024-02-23 14:33:58,188 [WARN] ConditionMgr:1039 - genDependencies : Invalid condition id : UX DEVICE CLASS RTOS Condition cause : null
2024-02-23 14:33:58,195 [WARN] PackLoader:240 - Cannot read IP mode file for STMicroelectronics.X-CUBE-NFC7.1.0.1
2024-02-23 14:33:58,200 [WARN] PackLoader:240 - Cannot read IP mode file for STMicroelectronics.X-CUBE-NFC7.1.0.0
2024-02-23 14:33:58,219 [WARN] PackLoader:240 - Cannot read IP mode file for STMicroelectronics.X-CUBE-NFC6.3.0.0
2024-02-23 14:33:58,234 [WARN] PackLoader:240 - Cannot read IP mode file for STMicroelectronics.X-CUBE-EEPRMA1.4.1.0
2024-02-23 14:33:58,254 [WARN] ConditionMgr:438 - getConditionDescription Invalid condition id : LAN8742 Phy interface Condition cause : null
2024-02-23 14:33:58,255 [WARN] PackLoader:240 - Cannot read IP mode file for STMicroelectronics.X-CUBE-AZRTOS-L4.2.0.0
2024-02-23 14:33:58,257 [WARN] ConditionMgr:1039 - genDependencies : Invalid condition id : LAN8742 Phy interface Condition cause : null
2024-02-23 14:33:58,257 [WARN] ConditionMgr:1039 - genDependencies : Invalid condition id : LAN8742 Phy interface Condition cause : null
2024-02-23 14:33:58,258 [WARN] ConditionMgr:1039 - genDependencies : Invalid condition id : LAN8742 Phy interface Condition cause : null
2024-02-23 14:33:58,269 [WARN] PackLoader:240 - Cannot read IP mode file for STMicroelectronics.X-CUBE-SFXS2LP1.4.0.0
2024-02-23 14:33:58,280 [WARN] PackLoader:240 - Cannot read IP mode file for STMicroelectronics.X-CUBE-ISPU.1.1.0
2024-02-23 14:33:58,287 [WARN] PackLoader:240 - Cannot read IP mode file for STMicroelectronics.X-CUBE-AI.8.0.0
2024-02-23 14:33:58,305 [WARN] ConditionMgr:438 - getConditionDescription Invalid condition id : UX DEVICE CLASS RTOS Condition cause : null
2024-02-23 14:33:58,305 [WARN] ConditionMgr:438 - getConditionDescription Invalid condition id : UX DEVICE CLASS RTOS Condition cause : null
2024-02-23 14:33:58,310 [WARN] PackLoader:240 - Cannot read IP mode file for STMicroelectronics.X-CUBE-AZRTOS-WB.2.0.0
2024-02-23 14:33:58,311 [WARN] ConditionMgr:1039 - genDependencies : Invalid condition id : UX DEVICE CLASS RTOS Condition cause : null
2024-02-23 14:33:58,311 [WARN] ConditionMgr:1039 - genDependencies : Invalid condition id : UX DEVICE CLASS RTOS Condition cause : null
2024-02-23 14:33:58,312 [WARN] ConditionMgr:1039 - genDependencies : Invalid condition id : UX DEVICE CLASS RTOS Condition cause : null
2024-02-23 14:33:58,313 [WARN] ConditionMgr:1039 - genDependencies : Invalid condition id : UX DEVICE CLASS RTOS Condition cause : null
2024-02-23 14:33:58,313 [WARN] ConditionMgr:1039 - genDependencies : Invalid condition id : UX DEVICE CLASS RTOS Condition cause : null
2024-02-23 14:33:58,321 [WARN] PackLoader:240 - Cannot read IP mode file for STMicroelectronics.X-CUBE-FREERTOS.1.0.1
2024-02-23 14:33:58,339 [WARN] PackLoader:240 - Cannot read IP mode file for STMicroelectronics.X-CUBE-AZRTOS-L5.1.1.0
2024-02-23 14:33:58,344 [WARN] PackLoader:240 - Cannot read IP mode file for STMicroelectronics.X-CUBE-AI.8.0.1
2024-02-23 14:33:58,352 [WARN] PackLoader:240 - Cannot read IP mode file for STMicroelectronics.X-CUBE-SUBG2.5.0.0
2024-02-23 14:33:58,365 [WARN] PackLoader:240 - Cannot read IP mode file for STMicroelectronics.X-CUBE-TOF1.3.3.1
2024-02-23 14:33:58,382 [WARN] PackLoader:240 - Cannot read IP mode file for STMicroelectronics.X-CUBE-AZRTOS-G4.2.0.0
2024-02-23 14:33:58,390 [WARN] PackLoader:240 - Cannot read IP mode file for STMicroelectronics.X-CUBE-TOF1.3.3.0
2024-02-23 14:33:58,402 [WARN] PackLoader:240 - Cannot read IP mode file for Infineon.AIROC-Wi-Fi-Bluetooth-STM32.1.5.1
2024-02-23 14:33:58,414 [WARN] PackLoader:240 - Cannot read IP mode file for STMicroelectronics.X-CUBE-AZRTOS-L4.1.0.0
2024-02-23 14:33:58,441 [WARN] PackLoader:240 - Cannot read IP mode file for STMicroelectronics.X-CUBE-MEMS1.10.0.0
2024-02-23 14:33:58,532 [WARN] PackLoader:240 - Cannot read IP mode file for STMicroelectronics.X-CUBE-FREERTOS.1.1.0
2024-02-23 14:33:58,540 [WARN] PackLoader:240 - Cannot read IP mode file for STMicroelectronics.X-CUBE-AZRTOS-WL.1.0.0
2024-02-23 14:33:58,543 [WARN] PackLoader:240 - Cannot read IP mode file for portGmbH.I-Cube-SoM-uGOAL.1.1.0
2024-02-23 14:33:58,545 [WARN] PackLoader:240 - Cannot read IP mode file for STMicroelectronics.X-CUBE-ALS.1.0.1
2024-02-23 14:33:58,552 [WARN] PackLoader:240 - Cannot read IP mode file for STMicroelectronics.X-CUBE-AZRTOS-WB.1.1.0
2024-02-23 14:33:58,556 [WARN] PackLoader:240 - Cannot read IP mode file for STMicroelectronics.FP-ATR-ASTRA1.2.0.0
2024-02-23 14:33:58,561 [WARN] PackLoader:240 - Cannot read IP mode file for STMicroelectronics.X-CUBE-TOF1.3.4.0
2024-02-23 14:33:58,578 [WARN] PackLoader:240 - Cannot read IP mode file for STMicroelectronics.X-CUBE-AZRTOS-H7.3.2.0
2024-02-23 14:33:58,580 [INFO] ThirdParty:978 - Integrity check success = true
2024-02-23 14:33:58,581 [INFO] IntegrityCheckThread:100 - exiting critical section [integrity check]
2024-02-23 14:33:58,581 [INFO] IntegrityCheckThread:103 - End integrity checks thread
